2022-10-24 21:46:46,759:INFO:PyCaret Supervised Module
2022-10-24 21:46:46,759:INFO:ML Usecase: regression
2022-10-24 21:46:46,759:INFO:version 2.2.2
2022-10-24 21:46:46,759:INFO:Initializing setup()
2022-10-24 21:46:46,759:INFO:setup(target=charges, ml_usecase=regression, available_plots={'parameter': 'Hyperparameters', 'residuals': 'Residuals', 'error': 'Prediction Error', 'cooks': 'Cooks Distance', 'rfe': 'Feature Selection', 'learning': 'Learning Curve', 'manifold': 'Manifold Learning', 'vc': 'Validation Curve', 'feature': 'Feature Importance', 'feature_all': 'Feature Importance (All)', 'tree': 'Decision Tree'}, train_size=0.7, test_data=None, preprocess=True, imputation_type=simple, iterative_imputation_iters=5, categorical_features=None, categorical_imputation=constant, categorical_iterative_imputer=lightgbm, ordinal_features=None, high_cardinality_features=None, high_cardinality_method=frequency, numeric_features=None, numeric_imputation=mean, numeric_iterative_imputer=lightgbm, date_features=None, ignore_features=None, normalize=False, normalize_method=zscore, transformation=False, transformation_method=yeo-johnson, handle_unknown_categorical=True, unknown_categorical_method=least_frequent, pca=False, pca_method=linear, pca_components=None, ignore_low_variance=False, combine_rare_levels=False, rare_level_threshold=0.1, bin_numeric_features=None, remove_outliers=False, outliers_threshold=0.05, remove_multicollinearity=False, multicollinearity_threshold=0.9, remove_perfect_collinearity=True, create_clusters=False, cluster_iter=20, polynomial_features=False, polynomial_degree=2, trigonometry_features=False, polynomial_threshold=0.1, group_features=None, group_names=None, feature_selection=False, feature_selection_threshold=0.8, feature_selection_method=classic, feature_interaction=False, feature_ratio=False, interaction_threshold=0.01, fix_imbalance=False, fix_imbalance_method=None, transform_target=False, transform_target_method=box-cox, data_split_shuffle=True, data_split_stratify=False, fold_strategy=kfold, fold=10, fold_shuffle=False, fold_groups=None, n_jobs=-1, use_gpu=False, custom_pipeline=None, html=True, session_id=None, log_experiment=False, experiment_name=None, log_plots=False, log_profile=False, log_data=False, silent=False, verbose=True, profile=False, profile_kwargs=None, display=None)
2022-10-24 21:46:46,759:INFO:Checking environment
2022-10-24 21:46:46,759:INFO:python_version: 3.9.12
2022-10-24 21:46:46,759:INFO:python_build: ('main', 'Apr  4 2022 05:22:27')
2022-10-24 21:46:46,759:INFO:machine: AMD64
2022-10-24 21:46:46,759:INFO:platform: Windows-10-10.0.22621-SP0
2022-10-24 21:46:46,759:INFO:Memory: svmem(total=16889188352, available=8497250304, percent=49.7, used=8391938048, free=8497250304)
2022-10-24 21:46:46,759:INFO:Physical Core: 4
2022-10-24 21:46:46,759:INFO:Logical Core: 8
2022-10-24 21:46:46,759:INFO:Checking libraries
2022-10-24 21:46:46,759:INFO:pd==1.4.2
2022-10-24 21:46:46,759:INFO:numpy==1.21.5
2022-10-24 21:46:46,759:INFO:sklearn==1.1.2
2022-10-24 21:46:46,799:INFO:xgboost==1.6.2
2022-10-24 21:46:46,799:INFO:lightgbm==3.3.3
2022-10-24 21:46:46,849:INFO:catboost==1.1
2022-10-24 21:46:49,229:INFO:mlflow==1.30.0
2022-10-24 21:46:49,229:INFO:Checking Exceptions
2022-10-24 21:46:49,229:INFO:Declaring global variables
2022-10-24 21:46:49,229:INFO:USI: 3c5e
2022-10-24 21:46:49,229:INFO:pycaret_globals: {'_all_models_internal', 'fold_param', 'fold_groups_param', 'y_train', 'data_before_preprocess', 'exp_name_log', 'create_model_container', 'stratify_param', '_available_plots', 'gpu_param', 'n_jobs_param', 'log_plots_param', 'y', 'prep_pipe', '_internal_pipeline', 'fold_shuffle_param', '_all_models', 'transform_target_param', '_ml_usecase', 'master_model_container', 'iterative_imputation_iters_param', 'fix_imbalance_method_param', 'X_train', 'X', 'transform_target_method_param', 'display_container', 'USI', 'target_param', '_all_metrics', 'seed', '_gpu_n_jobs_param', 'imputation_regressor', 'logging_param', 'fix_imbalance_param', 'y_test', 'html_param', 'imputation_classifier', 'experiment__', 'fold_generator', 'pycaret_globals', 'X_test'}
2022-10-24 21:46:49,229:INFO:Preparing display monitor
2022-10-24 21:46:49,229:INFO:Preparing display monitor
2022-10-24 21:46:49,269:INFO:Importing libraries
2022-10-24 21:46:49,269:INFO:Copying data for preprocessing
2022-10-24 21:46:49,292:INFO:Declaring preprocessing parameters
2022-10-24 21:46:49,299:INFO:Creating preprocessing pipeline
2022-10-24 21:46:49,319:INFO:Preprocessing pipeline created successfully
2022-10-24 21:46:49,319:ERROR:(Process Exit): setup has been interupted with user command 'quit'. setup must rerun.
2022-10-24 21:46:49,319:INFO:Creating global containers
2022-10-24 21:47:54,841:INFO:PyCaret Supervised Module
2022-10-24 21:47:54,841:INFO:ML Usecase: regression
2022-10-24 21:47:54,841:INFO:version 2.2.2
2022-10-24 21:47:54,841:INFO:Initializing setup()
2022-10-24 21:47:54,841:INFO:setup(target=charges, ml_usecase=regression, available_plots={'parameter': 'Hyperparameters', 'residuals': 'Residuals', 'error': 'Prediction Error', 'cooks': 'Cooks Distance', 'rfe': 'Feature Selection', 'learning': 'Learning Curve', 'manifold': 'Manifold Learning', 'vc': 'Validation Curve', 'feature': 'Feature Importance', 'feature_all': 'Feature Importance (All)', 'tree': 'Decision Tree'}, train_size=0.7, test_data=None, preprocess=True, imputation_type=simple, iterative_imputation_iters=5, categorical_features=None, categorical_imputation=constant, categorical_iterative_imputer=lightgbm, ordinal_features=None, high_cardinality_features=None, high_cardinality_method=frequency, numeric_features=None, numeric_imputation=mean, numeric_iterative_imputer=lightgbm, date_features=None, ignore_features=None, normalize=False, normalize_method=zscore, transformation=False, transformation_method=yeo-johnson, handle_unknown_categorical=True, unknown_categorical_method=least_frequent, pca=False, pca_method=linear, pca_components=None, ignore_low_variance=False, combine_rare_levels=False, rare_level_threshold=0.1, bin_numeric_features=None, remove_outliers=False, outliers_threshold=0.05, remove_multicollinearity=False, multicollinearity_threshold=0.9, remove_perfect_collinearity=True, create_clusters=False, cluster_iter=20, polynomial_features=False, polynomial_degree=2, trigonometry_features=False, polynomial_threshold=0.1, group_features=None, group_names=None, feature_selection=False, feature_selection_threshold=0.8, feature_selection_method=classic, feature_interaction=False, feature_ratio=False, interaction_threshold=0.01, fix_imbalance=False, fix_imbalance_method=None, transform_target=False, transform_target_method=box-cox, data_split_shuffle=True, data_split_stratify=False, fold_strategy=kfold, fold=10, fold_shuffle=False, fold_groups=None, n_jobs=-1, use_gpu=False, custom_pipeline=None, html=True, session_id=None, log_experiment=False, experiment_name=None, log_plots=False, log_profile=False, log_data=False, silent=False, verbose=True, profile=False, profile_kwargs=None, display=None)
2022-10-24 21:47:54,841:INFO:Checking environment
2022-10-24 21:47:54,841:INFO:python_version: 3.9.12
2022-10-24 21:47:54,841:INFO:python_build: ('main', 'Apr  4 2022 05:22:27')
2022-10-24 21:47:54,841:INFO:machine: AMD64
2022-10-24 21:47:54,841:INFO:platform: Windows-10-10.0.22621-SP0
2022-10-24 21:47:54,841:INFO:Memory: svmem(total=16889188352, available=8296206336, percent=50.9, used=8592982016, free=8296206336)
2022-10-24 21:47:54,841:INFO:Physical Core: 4
2022-10-24 21:47:54,841:INFO:Logical Core: 8
2022-10-24 21:47:54,841:INFO:Checking libraries
2022-10-24 21:47:54,841:INFO:pd==1.4.2
2022-10-24 21:47:54,841:INFO:numpy==1.21.5
2022-10-24 21:47:54,841:INFO:sklearn==1.1.2
2022-10-24 21:47:54,841:INFO:xgboost==1.6.2
2022-10-24 21:47:54,841:INFO:lightgbm==3.3.3
2022-10-24 21:47:54,841:INFO:catboost==1.1
2022-10-24 21:47:54,841:INFO:mlflow==1.30.0
2022-10-24 21:47:54,841:INFO:Checking Exceptions
2022-10-24 21:47:54,841:INFO:Declaring global variables
2022-10-24 21:47:54,841:INFO:USI: c71c
2022-10-24 21:47:54,841:INFO:pycaret_globals: {'_all_models_internal', 'fold_param', 'fold_groups_param', 'y_train', 'data_before_preprocess', 'exp_name_log', 'create_model_container', 'stratify_param', '_available_plots', 'gpu_param', 'n_jobs_param', 'log_plots_param', 'y', 'prep_pipe', '_internal_pipeline', 'fold_shuffle_param', '_all_models', 'transform_target_param', '_ml_usecase', 'master_model_container', 'iterative_imputation_iters_param', 'fix_imbalance_method_param', 'X_train', 'X', 'transform_target_method_param', 'display_container', 'USI', 'target_param', '_all_metrics', 'seed', '_gpu_n_jobs_param', 'imputation_regressor', 'logging_param', 'fix_imbalance_param', 'y_test', 'html_param', 'imputation_classifier', 'experiment__', 'fold_generator', 'pycaret_globals', 'X_test'}
2022-10-24 21:47:54,841:INFO:Preparing display monitor
2022-10-24 21:47:54,841:INFO:Preparing display monitor
2022-10-24 21:47:54,859:INFO:Importing libraries
2022-10-24 21:47:54,859:INFO:Copying data for preprocessing
2022-10-24 21:47:54,869:INFO:Declaring preprocessing parameters
2022-10-24 21:47:54,869:INFO:Creating preprocessing pipeline
2022-10-24 21:47:54,874:INFO:Preprocessing pipeline created successfully
2022-10-24 21:47:54,874:ERROR:(Process Exit): setup has been interupted with user command 'quit'. setup must rerun.
2022-10-24 21:47:54,874:INFO:Creating global containers
2022-10-24 21:49:59,126:INFO:PyCaret Supervised Module
2022-10-24 21:49:59,126:INFO:ML Usecase: regression
2022-10-24 21:49:59,126:INFO:version 2.2.2
2022-10-24 21:49:59,129:INFO:Initializing setup()
2022-10-24 21:49:59,129:INFO:setup(target=charges, ml_usecase=regression, available_plots={'parameter': 'Hyperparameters', 'residuals': 'Residuals', 'error': 'Prediction Error', 'cooks': 'Cooks Distance', 'rfe': 'Feature Selection', 'learning': 'Learning Curve', 'manifold': 'Manifold Learning', 'vc': 'Validation Curve', 'feature': 'Feature Importance', 'feature_all': 'Feature Importance (All)', 'tree': 'Decision Tree'}, train_size=0.7, test_data=None, preprocess=True, imputation_type=simple, iterative_imputation_iters=5, categorical_features=None, categorical_imputation=constant, categorical_iterative_imputer=lightgbm, ordinal_features=None, high_cardinality_features=None, high_cardinality_method=frequency, numeric_features=None, numeric_imputation=mean, numeric_iterative_imputer=lightgbm, date_features=None, ignore_features=None, normalize=False, normalize_method=zscore, transformation=False, transformation_method=yeo-johnson, handle_unknown_categorical=True, unknown_categorical_method=least_frequent, pca=False, pca_method=linear, pca_components=None, ignore_low_variance=False, combine_rare_levels=False, rare_level_threshold=0.1, bin_numeric_features=None, remove_outliers=False, outliers_threshold=0.05, remove_multicollinearity=False, multicollinearity_threshold=0.9, remove_perfect_collinearity=True, create_clusters=False, cluster_iter=20, polynomial_features=False, polynomial_degree=2, trigonometry_features=False, polynomial_threshold=0.1, group_features=None, group_names=None, feature_selection=False, feature_selection_threshold=0.8, feature_selection_method=classic, feature_interaction=False, feature_ratio=False, interaction_threshold=0.01, fix_imbalance=False, fix_imbalance_method=None, transform_target=False, transform_target_method=box-cox, data_split_shuffle=True, data_split_stratify=False, fold_strategy=kfold, fold=10, fold_shuffle=False, fold_groups=None, n_jobs=-1, use_gpu=False, custom_pipeline=None, html=True, session_id=None, log_experiment=False, experiment_name=None, log_plots=False, log_profile=False, log_data=False, silent=False, verbose=True, profile=False, profile_kwargs=None, display=None)
2022-10-24 21:49:59,129:INFO:Checking environment
2022-10-24 21:49:59,129:INFO:python_version: 3.9.12
2022-10-24 21:49:59,129:INFO:python_build: ('main', 'Apr  4 2022 05:22:27')
2022-10-24 21:49:59,129:INFO:machine: AMD64
2022-10-24 21:49:59,129:INFO:platform: Windows-10-10.0.22621-SP0
2022-10-24 21:49:59,129:INFO:Memory: svmem(total=16889188352, available=8559083520, percent=49.3, used=8330104832, free=8559083520)
2022-10-24 21:49:59,129:INFO:Physical Core: 4
2022-10-24 21:49:59,129:INFO:Logical Core: 8
2022-10-24 21:49:59,129:INFO:Checking libraries
2022-10-24 21:49:59,129:INFO:pd==1.4.2
2022-10-24 21:49:59,129:INFO:numpy==1.21.5
2022-10-24 21:49:59,129:INFO:sklearn==1.1.2
2022-10-24 21:49:59,151:INFO:xgboost==1.6.2
2022-10-24 21:49:59,151:INFO:lightgbm==3.3.3
2022-10-24 21:49:59,175:INFO:catboost==1.1
2022-10-24 21:50:01,459:INFO:mlflow==1.30.0
2022-10-24 21:50:01,459:INFO:Checking Exceptions
2022-10-24 21:50:01,459:INFO:Declaring global variables
2022-10-24 21:50:01,459:INFO:USI: 6eef
2022-10-24 21:50:01,459:INFO:pycaret_globals: {'X_train', 'fix_imbalance_method_param', 'stratify_param', 'X_test', 'gpu_param', 'log_plots_param', 'fold_shuffle_param', 'transform_target_method_param', 'USI', 'create_model_container', 'transform_target_param', '_ml_usecase', 'seed', 'experiment__', 'data_before_preprocess', 'iterative_imputation_iters_param', '_gpu_n_jobs_param', 'fix_imbalance_param', 'exp_name_log', 'pycaret_globals', 'y_train', '_available_plots', 'y_test', 'imputation_classifier', 'prep_pipe', 'y', 'html_param', 'imputation_regressor', 'n_jobs_param', '_all_metrics', 'logging_param', '_all_models', '_internal_pipeline', 'fold_groups_param', 'display_container', '_all_models_internal', 'X', 'master_model_container', 'target_param', 'fold_generator', 'fold_param'}
2022-10-24 21:50:01,459:INFO:Preparing display monitor
2022-10-24 21:50:01,459:INFO:Preparing display monitor
2022-10-24 21:50:01,479:INFO:Importing libraries
2022-10-24 21:50:01,479:INFO:Copying data for preprocessing
2022-10-24 21:50:01,504:INFO:Declaring preprocessing parameters
2022-10-24 21:50:01,509:INFO:Creating preprocessing pipeline
2022-10-24 21:50:01,519:INFO:Preprocessing pipeline created successfully
2022-10-24 21:50:01,520:ERROR:(Process Exit): setup has been interupted with user command 'quit'. setup must rerun.
2022-10-24 21:50:01,520:INFO:Creating global containers
2022-10-24 21:57:25,982:INFO:PyCaret Supervised Module
2022-10-24 21:57:25,982:INFO:ML Usecase: regression
2022-10-24 21:57:25,982:INFO:version 2.2.2
2022-10-24 21:57:25,982:INFO:Initializing setup()
2022-10-24 21:57:25,982:INFO:setup(target=charges, ml_usecase=regression, available_plots={'parameter': 'Hyperparameters', 'residuals': 'Residuals', 'error': 'Prediction Error', 'cooks': 'Cooks Distance', 'rfe': 'Feature Selection', 'learning': 'Learning Curve', 'manifold': 'Manifold Learning', 'vc': 'Validation Curve', 'feature': 'Feature Importance', 'feature_all': 'Feature Importance (All)', 'tree': 'Decision Tree'}, train_size=0.7, test_data=None, preprocess=True, imputation_type=simple, iterative_imputation_iters=5, categorical_features=None, categorical_imputation=constant, categorical_iterative_imputer=lightgbm, ordinal_features=None, high_cardinality_features=None, high_cardinality_method=frequency, numeric_features=None, numeric_imputation=mean, numeric_iterative_imputer=lightgbm, date_features=None, ignore_features=None, normalize=False, normalize_method=zscore, transformation=False, transformation_method=yeo-johnson, handle_unknown_categorical=True, unknown_categorical_method=least_frequent, pca=False, pca_method=linear, pca_components=None, ignore_low_variance=False, combine_rare_levels=False, rare_level_threshold=0.1, bin_numeric_features=None, remove_outliers=False, outliers_threshold=0.05, remove_multicollinearity=False, multicollinearity_threshold=0.9, remove_perfect_collinearity=True, create_clusters=False, cluster_iter=20, polynomial_features=False, polynomial_degree=2, trigonometry_features=False, polynomial_threshold=0.1, group_features=None, group_names=None, feature_selection=False, feature_selection_threshold=0.8, feature_selection_method=classic, feature_interaction=False, feature_ratio=False, interaction_threshold=0.01, fix_imbalance=False, fix_imbalance_method=None, transform_target=False, transform_target_method=box-cox, data_split_shuffle=True, data_split_stratify=False, fold_strategy=kfold, fold=10, fold_shuffle=False, fold_groups=None, n_jobs=-1, use_gpu=False, custom_pipeline=None, html=True, session_id=None, log_experiment=False, experiment_name=None, log_plots=False, log_profile=False, log_data=False, silent=False, verbose=True, profile=False, profile_kwargs=None, display=None)
2022-10-24 21:57:25,982:INFO:Checking environment
2022-10-24 21:57:25,982:INFO:python_version: 3.9.12
2022-10-24 21:57:25,982:INFO:python_build: ('main', 'Apr  4 2022 05:22:27')
2022-10-24 21:57:25,982:INFO:machine: AMD64
2022-10-24 21:57:25,982:INFO:platform: Windows-10-10.0.22621-SP0
2022-10-24 21:57:25,982:INFO:Memory: svmem(total=16889188352, available=8520019968, percent=49.6, used=8369168384, free=8520019968)
2022-10-24 21:57:25,982:INFO:Physical Core: 4
2022-10-24 21:57:25,982:INFO:Logical Core: 8
2022-10-24 21:57:25,982:INFO:Checking libraries
2022-10-24 21:57:25,982:INFO:pd==1.4.2
2022-10-24 21:57:25,982:INFO:numpy==1.21.5
2022-10-24 21:57:25,982:INFO:sklearn==1.1.2
2022-10-24 21:57:25,982:INFO:xgboost==1.6.2
2022-10-24 21:57:25,982:INFO:lightgbm==3.3.3
2022-10-24 21:57:25,982:INFO:catboost==1.1
2022-10-24 21:57:25,982:INFO:mlflow==1.30.0
2022-10-24 21:57:25,982:INFO:Checking Exceptions
2022-10-24 21:57:25,982:INFO:Declaring global variables
2022-10-24 21:57:25,982:INFO:USI: a14e
2022-10-24 21:57:25,982:INFO:pycaret_globals: {'X_train', 'fix_imbalance_method_param', 'stratify_param', 'X_test', 'gpu_param', 'log_plots_param', 'fold_shuffle_param', 'transform_target_method_param', 'USI', 'create_model_container', 'transform_target_param', '_ml_usecase', 'seed', 'experiment__', 'data_before_preprocess', 'iterative_imputation_iters_param', '_gpu_n_jobs_param', 'fix_imbalance_param', 'exp_name_log', 'pycaret_globals', 'y_train', '_available_plots', 'y_test', 'imputation_classifier', 'prep_pipe', 'y', 'html_param', 'imputation_regressor', 'n_jobs_param', '_all_metrics', 'logging_param', '_all_models', '_internal_pipeline', 'fold_groups_param', 'display_container', '_all_models_internal', 'X', 'master_model_container', 'target_param', 'fold_generator', 'fold_param'}
2022-10-24 21:57:25,982:INFO:Preparing display monitor
2022-10-24 21:57:25,982:INFO:Preparing display monitor
2022-10-24 21:57:25,999:INFO:Importing libraries
2022-10-24 21:57:25,999:INFO:Copying data for preprocessing
2022-10-24 21:57:26,009:INFO:Declaring preprocessing parameters
2022-10-24 21:57:26,009:INFO:Creating preprocessing pipeline
2022-10-24 21:57:26,014:INFO:Preprocessing pipeline created successfully
2022-10-24 21:57:26,014:ERROR:(Process Exit): setup has been interupted with user command 'quit'. setup must rerun.
2022-10-24 21:57:26,014:INFO:Creating global containers
2022-10-24 21:58:40,232:INFO:PyCaret Supervised Module
2022-10-24 21:58:40,232:INFO:ML Usecase: regression
2022-10-24 21:58:40,232:INFO:version 2.2.2
2022-10-24 21:58:40,232:INFO:Initializing setup()
2022-10-24 21:58:40,232:INFO:setup(target=charges, ml_usecase=regression, available_plots={'parameter': 'Hyperparameters', 'residuals': 'Residuals', 'error': 'Prediction Error', 'cooks': 'Cooks Distance', 'rfe': 'Feature Selection', 'learning': 'Learning Curve', 'manifold': 'Manifold Learning', 'vc': 'Validation Curve', 'feature': 'Feature Importance', 'feature_all': 'Feature Importance (All)', 'tree': 'Decision Tree'}, train_size=0.7, test_data=None, preprocess=True, imputation_type=simple, iterative_imputation_iters=5, categorical_features=None, categorical_imputation=constant, categorical_iterative_imputer=lightgbm, ordinal_features=None, high_cardinality_features=None, high_cardinality_method=frequency, numeric_features=None, numeric_imputation=mean, numeric_iterative_imputer=lightgbm, date_features=None, ignore_features=None, normalize=False, normalize_method=zscore, transformation=False, transformation_method=yeo-johnson, handle_unknown_categorical=True, unknown_categorical_method=least_frequent, pca=False, pca_method=linear, pca_components=None, ignore_low_variance=False, combine_rare_levels=False, rare_level_threshold=0.1, bin_numeric_features=None, remove_outliers=False, outliers_threshold=0.05, remove_multicollinearity=False, multicollinearity_threshold=0.9, remove_perfect_collinearity=True, create_clusters=False, cluster_iter=20, polynomial_features=False, polynomial_degree=2, trigonometry_features=False, polynomial_threshold=0.1, group_features=None, group_names=None, feature_selection=False, feature_selection_threshold=0.8, feature_selection_method=classic, feature_interaction=False, feature_ratio=False, interaction_threshold=0.01, fix_imbalance=False, fix_imbalance_method=None, transform_target=False, transform_target_method=box-cox, data_split_shuffle=True, data_split_stratify=False, fold_strategy=kfold, fold=10, fold_shuffle=False, fold_groups=None, n_jobs=-1, use_gpu=False, custom_pipeline=None, html=True, session_id=None, log_experiment=False, experiment_name=None, log_plots=False, log_profile=False, log_data=False, silent=False, verbose=True, profile=False, profile_kwargs=None, display=None)
2022-10-24 21:58:40,232:INFO:Checking environment
2022-10-24 21:58:40,232:INFO:python_version: 3.9.12
2022-10-24 21:58:40,232:INFO:python_build: ('main', 'Apr  4 2022 05:22:27')
2022-10-24 21:58:40,232:INFO:machine: AMD64
2022-10-24 21:58:40,232:INFO:platform: Windows-10-10.0.22621-SP0
2022-10-24 21:58:40,232:INFO:Memory: svmem(total=16889188352, available=8527003648, percent=49.5, used=8362184704, free=8527003648)
2022-10-24 21:58:40,232:INFO:Physical Core: 4
2022-10-24 21:58:40,232:INFO:Logical Core: 8
2022-10-24 21:58:40,232:INFO:Checking libraries
2022-10-24 21:58:40,232:INFO:pd==1.4.2
2022-10-24 21:58:40,232:INFO:numpy==1.21.5
2022-10-24 21:58:40,232:INFO:sklearn==1.1.2
2022-10-24 21:58:40,232:INFO:xgboost==1.6.2
2022-10-24 21:58:40,232:INFO:lightgbm==3.3.3
2022-10-24 21:58:40,232:INFO:catboost==1.1
2022-10-24 21:58:40,232:INFO:mlflow==1.30.0
2022-10-24 21:58:40,232:INFO:Checking Exceptions
2022-10-24 21:58:40,232:INFO:Declaring global variables
2022-10-24 21:58:40,232:INFO:USI: 83c2
2022-10-24 21:58:40,232:INFO:pycaret_globals: {'X_train', 'fix_imbalance_method_param', 'stratify_param', 'X_test', 'gpu_param', 'log_plots_param', 'fold_shuffle_param', 'transform_target_method_param', 'USI', 'create_model_container', 'transform_target_param', '_ml_usecase', 'seed', 'experiment__', 'data_before_preprocess', 'iterative_imputation_iters_param', '_gpu_n_jobs_param', 'fix_imbalance_param', 'exp_name_log', 'pycaret_globals', 'y_train', '_available_plots', 'y_test', 'imputation_classifier', 'prep_pipe', 'y', 'html_param', 'imputation_regressor', 'n_jobs_param', '_all_metrics', 'logging_param', '_all_models', '_internal_pipeline', 'fold_groups_param', 'display_container', '_all_models_internal', 'X', 'master_model_container', 'target_param', 'fold_generator', 'fold_param'}
2022-10-24 21:58:40,232:INFO:Preparing display monitor
2022-10-24 21:58:40,232:INFO:Preparing display monitor
2022-10-24 21:58:40,251:INFO:Importing libraries
2022-10-24 21:58:40,251:INFO:Copying data for preprocessing
2022-10-24 21:58:40,255:INFO:Declaring preprocessing parameters
2022-10-24 21:58:40,259:INFO:Creating preprocessing pipeline
2022-10-24 21:58:40,264:INFO:Preprocessing pipeline created successfully
2022-10-24 21:58:40,264:ERROR:(Process Exit): setup has been interupted with user command 'quit'. setup must rerun.
2022-10-24 21:58:40,264:INFO:Creating global containers
2022-10-24 22:00:54,312:INFO:PyCaret Supervised Module
2022-10-24 22:00:54,312:INFO:ML Usecase: regression
2022-10-24 22:00:54,312:INFO:version 2.2.2
2022-10-24 22:00:54,312:INFO:Initializing setup()
2022-10-24 22:00:54,312:INFO:setup(target=charges, ml_usecase=regression, available_plots={'parameter': 'Hyperparameters', 'residuals': 'Residuals', 'error': 'Prediction Error', 'cooks': 'Cooks Distance', 'rfe': 'Feature Selection', 'learning': 'Learning Curve', 'manifold': 'Manifold Learning', 'vc': 'Validation Curve', 'feature': 'Feature Importance', 'feature_all': 'Feature Importance (All)', 'tree': 'Decision Tree'}, train_size=0.7, test_data=None, preprocess=True, imputation_type=simple, iterative_imputation_iters=5, categorical_features=None, categorical_imputation=constant, categorical_iterative_imputer=lightgbm, ordinal_features=None, high_cardinality_features=None, high_cardinality_method=frequency, numeric_features=None, numeric_imputation=mean, numeric_iterative_imputer=lightgbm, date_features=None, ignore_features=None, normalize=False, normalize_method=zscore, transformation=False, transformation_method=yeo-johnson, handle_unknown_categorical=True, unknown_categorical_method=least_frequent, pca=False, pca_method=linear, pca_components=None, ignore_low_variance=False, combine_rare_levels=False, rare_level_threshold=0.1, bin_numeric_features=None, remove_outliers=False, outliers_threshold=0.05, remove_multicollinearity=False, multicollinearity_threshold=0.9, remove_perfect_collinearity=True, create_clusters=False, cluster_iter=20, polynomial_features=False, polynomial_degree=2, trigonometry_features=False, polynomial_threshold=0.1, group_features=None, group_names=None, feature_selection=False, feature_selection_threshold=0.8, feature_selection_method=classic, feature_interaction=False, feature_ratio=False, interaction_threshold=0.01, fix_imbalance=False, fix_imbalance_method=None, transform_target=False, transform_target_method=box-cox, data_split_shuffle=True, data_split_stratify=False, fold_strategy=kfold, fold=10, fold_shuffle=False, fold_groups=None, n_jobs=-1, use_gpu=False, custom_pipeline=None, html=True, session_id=None, log_experiment=False, experiment_name=None, log_plots=False, log_profile=False, log_data=False, silent=False, verbose=True, profile=False, profile_kwargs=None, display=None)
2022-10-24 22:00:54,312:INFO:Checking environment
2022-10-24 22:00:54,312:INFO:python_version: 3.9.12
2022-10-24 22:00:54,312:INFO:python_build: ('main', 'Apr  4 2022 05:22:27')
2022-10-24 22:00:54,312:INFO:machine: AMD64
2022-10-24 22:00:54,312:INFO:platform: Windows-10-10.0.22621-SP0
2022-10-24 22:00:54,312:INFO:Memory: svmem(total=16889188352, available=8558571520, percent=49.3, used=8330616832, free=8558571520)
2022-10-24 22:00:54,312:INFO:Physical Core: 4
2022-10-24 22:00:54,312:INFO:Logical Core: 8
2022-10-24 22:00:54,312:INFO:Checking libraries
2022-10-24 22:00:54,312:INFO:pd==1.4.2
2022-10-24 22:00:54,312:INFO:numpy==1.21.5
2022-10-24 22:00:54,312:INFO:sklearn==1.1.2
2022-10-24 22:00:54,345:INFO:xgboost==1.6.2
2022-10-24 22:00:54,345:INFO:lightgbm==3.3.3
2022-10-24 22:00:54,361:INFO:catboost==1.1
2022-10-24 22:00:56,361:INFO:mlflow==1.30.0
2022-10-24 22:00:56,361:INFO:Checking Exceptions
2022-10-24 22:00:56,361:INFO:Declaring global variables
2022-10-24 22:00:56,361:INFO:USI: ecfc
2022-10-24 22:00:56,361:INFO:pycaret_globals: {'html_param', 'data_before_preprocess', '_ml_usecase', 'exp_name_log', 'imputation_regressor', 'iterative_imputation_iters_param', '_all_models', '_all_metrics', 'imputation_classifier', 'log_plots_param', 'pycaret_globals', 'display_container', 'n_jobs_param', 'X', 'y_test', 'create_model_container', 'experiment__', 'gpu_param', 'fold_generator', '_all_models_internal', 'stratify_param', 'transform_target_param', 'fold_shuffle_param', 'X_test', 'transform_target_method_param', 'fold_param', 'target_param', 'seed', 'y_train', 'fix_imbalance_method_param', 'fold_groups_param', 'X_train', 'USI', 'master_model_container', '_internal_pipeline', 'fix_imbalance_param', '_available_plots', '_gpu_n_jobs_param', 'logging_param', 'y', 'prep_pipe'}
2022-10-24 22:00:56,361:INFO:Preparing display monitor
2022-10-24 22:00:56,361:INFO:Preparing display monitor
2022-10-24 22:00:56,386:INFO:Importing libraries
2022-10-24 22:00:56,386:INFO:Copying data for preprocessing
2022-10-24 22:00:56,406:INFO:Declaring preprocessing parameters
2022-10-24 22:00:56,409:INFO:Creating preprocessing pipeline
2022-10-24 22:00:56,419:INFO:Preprocessing pipeline created successfully
2022-10-24 22:00:56,419:ERROR:(Process Exit): setup has been interupted with user command 'quit'. setup must rerun.
2022-10-24 22:00:56,419:INFO:Creating global containers
